<?xml version="1.0" encoding="UTF-8"?>
<testng-results skipped="0" failed="0" ignored="0" total="1" passed="1">
  <reporter-output>
  </reporter-output>
  <suite name="Default suite" duration-ms="47" started-at="2020-05-15T12:09:49 IST" finished-at="2020-05-15T12:09:49 IST">
    <groups>
    </groups>
    <test name="Default test" duration-ms="47" started-at="2020-05-15T12:09:49 IST" finished-at="2020-05-15T12:09:49 IST">
      <class name="com.w2a.AllTestCase.registraionPageTestCase">
        <test-method status="PASS" signature="registarionPage()[pri:0, instance:com.w2a.AllTestCase.registraionPageTestCase@694e1548]" name="registarionPage" duration-ms="0" started-at="2020-05-15T12:09:49 IST" finished-at="2020-05-15T12:09:49 IST">
          <reporter-output>
          </reporter-output>
        </test-method> <!-- registarionPage -->
      </class> <!-- com.w2a.AllTestCase.registraionPageTestCase -->
    </test> <!-- Default test -->
  </suite> <!-- Default suite -->
</testng-results>
